CRITICAL - 2021-12-02 08:26:21 --> Call to a member function helper() on null
#0 C:\xampp\htdocs\portfolio\system\View\View.php(214): include()
#1 C:\xampp\htdocs\portfolio\system\View\View.php(217): CodeIgniter\View\View->CodeIgniter\View\{closure}()
#2 C:\xampp\htdocs\portfolio\system\Common.php(1097): CodeIgniter\View\View->render('commom/header', Array, true)
#3 C:\xampp\htdocs\portfolio\app\Views\index.php(5): view('commom/header')
#4 C:\xampp\htdocs\portfolio\system\View\View.php(214): include('C:\\xampp\\htdocs...')
#5 C:\xampp\htdocs\portfolio\system\View\View.php(217): CodeIgniter\View\View->CodeIgniter\View\{closure}()
#6 C:\xampp\htdocs\portfolio\system\Common.php(1097): CodeIgniter\View\View->render('index', Array, true)
#7 C:\xampp\htdocs\portfolio\app\Controllers\Home.php(9): view('index')
#8 C:\xampp\htdocs\portfolio\system\CodeIgniter.php(824): App\Controllers\Home->index()
#9 C:\xampp\htdocs\portfolio\system\CodeIgniter.php(410): CodeIgniter\CodeIgniter->runController(Object(App\Controllers\Home))
#10 C:\xampp\htdocs\portfolio\system\CodeIgniter.php(318): CodeIgniter\CodeIgniter->handleRequest(NULL, Object(Config\Cache), false)
#11 C:\xampp\htdocs\portfolio\public\index.php(37): CodeIgniter\CodeIgniter->run()
#12 C:\xampp\htdocs\portfolio\system\Commands\Server\rewrite.php(43): require_once('C:\\xampp\\htdocs...')
#13 {main}
CRITICAL - 2021-12-02 08:26:29 --> Call to a member function helper() on null
#0 C:\xampp\htdocs\portfolio\system\View\View.php(214): include()
#1 C:\xampp\htdocs\portfolio\system\View\View.php(217): CodeIgniter\View\View->CodeIgniter\View\{closure}()
#2 C:\xampp\htdocs\portfolio\system\Common.php(1097): CodeIgniter\View\View->render('commom/header', Array, true)
#3 C:\xampp\htdocs\portfolio\app\Views\index.php(5): view('commom/header')
#4 C:\xampp\htdocs\portfolio\system\View\View.php(214): include('C:\\xampp\\htdocs...')
#5 C:\xampp\htdocs\portfolio\system\View\View.php(217): CodeIgniter\View\View->CodeIgniter\View\{closure}()
#6 C:\xampp\htdocs\portfolio\system\Common.php(1097): CodeIgniter\View\View->render('index', Array, true)
#7 C:\xampp\htdocs\portfolio\app\Controllers\Home.php(9): view('index')
#8 C:\xampp\htdocs\portfolio\system\CodeIgniter.php(824): App\Controllers\Home->index()
#9 C:\xampp\htdocs\portfolio\system\CodeIgniter.php(410): CodeIgniter\CodeIgniter->runController(Object(App\Controllers\Home))
#10 C:\xampp\htdocs\portfolio\system\CodeIgniter.php(318): CodeIgniter\CodeIgniter->handleRequest(NULL, Object(Config\Cache), false)
#11 C:\xampp\htdocs\portfolio\public\index.php(37): CodeIgniter\CodeIgniter->run()
#12 C:\xampp\htdocs\portfolio\system\Commands\Server\rewrite.php(43): require_once('C:\\xampp\\htdocs...')
#13 {main}
CRITICAL - 2021-12-02 08:26:50 --> Call to a member function helper() on null
#0 C:\xampp\htdocs\portfolio\system\View\View.php(214): include()
#1 C:\xampp\htdocs\portfolio\system\View\View.php(217): CodeIgniter\View\View->CodeIgniter\View\{closure}()
#2 C:\xampp\htdocs\portfolio\system\Common.php(1097): CodeIgniter\View\View->render('commom/header', Array, true)
#3 C:\xampp\htdocs\portfolio\app\Views\index.php(5): view('commom/header')
#4 C:\xampp\htdocs\portfolio\system\View\View.php(214): include('C:\\xampp\\htdocs...')
#5 C:\xampp\htdocs\portfolio\system\View\View.php(217): CodeIgniter\View\View->CodeIgniter\View\{closure}()
#6 C:\xampp\htdocs\portfolio\system\Common.php(1097): CodeIgniter\View\View->render('index', Array, true)
#7 C:\xampp\htdocs\portfolio\app\Controllers\Home.php(9): view('index')
#8 C:\xampp\htdocs\portfolio\system\CodeIgniter.php(824): App\Controllers\Home->index()
#9 C:\xampp\htdocs\portfolio\system\CodeIgniter.php(410): CodeIgniter\CodeIgniter->runController(Object(App\Controllers\Home))
#10 C:\xampp\htdocs\portfolio\system\CodeIgniter.php(318): CodeIgniter\CodeIgniter->handleRequest(NULL, Object(Config\Cache), false)
#11 C:\xampp\htdocs\portfolio\public\index.php(37): CodeIgniter\CodeIgniter->run()
#12 C:\xampp\htdocs\portfolio\system\Commands\Server\rewrite.php(43): require_once('C:\\xampp\\htdocs...')
#13 {main}
CRITICAL - 2021-12-02 08:27:10 --> Call to a member function helper() on null
#0 C:\xampp\htdocs\portfolio\system\View\View.php(214): include()
#1 C:\xampp\htdocs\portfolio\system\View\View.php(217): CodeIgniter\View\View->CodeIgniter\View\{closure}()
#2 C:\xampp\htdocs\portfolio\system\Common.php(1097): CodeIgniter\View\View->render('commom/header', Array, true)
#3 C:\xampp\htdocs\portfolio\app\Views\index.php(5): view('commom/header')
#4 C:\xampp\htdocs\portfolio\system\View\View.php(214): include('C:\\xampp\\htdocs...')
#5 C:\xampp\htdocs\portfolio\system\View\View.php(217): CodeIgniter\View\View->CodeIgniter\View\{closure}()
#6 C:\xampp\htdocs\portfolio\system\Common.php(1097): CodeIgniter\View\View->render('index', Array, true)
#7 C:\xampp\htdocs\portfolio\app\Controllers\Home.php(9): view('index')
#8 C:\xampp\htdocs\portfolio\system\CodeIgniter.php(824): App\Controllers\Home->index()
#9 C:\xampp\htdocs\portfolio\system\CodeIgniter.php(410): CodeIgniter\CodeIgniter->runController(Object(App\Controllers\Home))
#10 C:\xampp\htdocs\portfolio\system\CodeIgniter.php(318): CodeIgniter\CodeIgniter->handleRequest(NULL, Object(Config\Cache), false)
#11 C:\xampp\htdocs\portfolio\public\index.php(37): CodeIgniter\CodeIgniter->run()
#12 C:\xampp\htdocs\portfolio\system\Commands\Server\rewrite.php(43): require_once('C:\\xampp\\htdocs...')
#13 {main}
CRITICAL - 2021-12-02 08:28:34 --> Call to a member function helper() on null
#0 C:\xampp\htdocs\portfolio\system\View\View.php(214): include()
#1 C:\xampp\htdocs\portfolio\system\View\View.php(217): CodeIgniter\View\View->CodeIgniter\View\{closure}()
#2 C:\xampp\htdocs\portfolio\system\Common.php(1097): CodeIgniter\View\View->render('commom/header', Array, true)
#3 C:\xampp\htdocs\portfolio\app\Views\index.php(5): view('commom/header')
#4 C:\xampp\htdocs\portfolio\system\View\View.php(214): include('C:\\xampp\\htdocs...')
#5 C:\xampp\htdocs\portfolio\system\View\View.php(217): CodeIgniter\View\View->CodeIgniter\View\{closure}()
#6 C:\xampp\htdocs\portfolio\system\Common.php(1097): CodeIgniter\View\View->render('index', Array, true)
#7 C:\xampp\htdocs\portfolio\app\Controllers\Home.php(9): view('index')
#8 C:\xampp\htdocs\portfolio\system\CodeIgniter.php(824): App\Controllers\Home->index()
#9 C:\xampp\htdocs\portfolio\system\CodeIgniter.php(410): CodeIgniter\CodeIgniter->runController(Object(App\Controllers\Home))
#10 C:\xampp\htdocs\portfolio\system\CodeIgniter.php(318): CodeIgniter\CodeIgniter->handleRequest(NULL, Object(Config\Cache), false)
#11 C:\xampp\htdocs\portfolio\public\index.php(37): CodeIgniter\CodeIgniter->run()
#12 C:\xampp\htdocs\portfolio\system\Commands\Server\rewrite.php(43): require_once('C:\\xampp\\htdocs...')
#13 {main}
CRITICAL - 2021-12-02 08:28:35 --> Call to a member function helper() on null
#0 C:\xampp\htdocs\portfolio\system\View\View.php(214): include()
#1 C:\xampp\htdocs\portfolio\system\View\View.php(217): CodeIgniter\View\View->CodeIgniter\View\{closure}()
#2 C:\xampp\htdocs\portfolio\system\Common.php(1097): CodeIgniter\View\View->render('commom/header', Array, true)
#3 C:\xampp\htdocs\portfolio\app\Views\index.php(5): view('commom/header')
#4 C:\xampp\htdocs\portfolio\system\View\View.php(214): include('C:\\xampp\\htdocs...')
#5 C:\xampp\htdocs\portfolio\system\View\View.php(217): CodeIgniter\View\View->CodeIgniter\View\{closure}()
#6 C:\xampp\htdocs\portfolio\system\Common.php(1097): CodeIgniter\View\View->render('index', Array, true)
#7 C:\xampp\htdocs\portfolio\app\Controllers\Home.php(9): view('index')
#8 C:\xampp\htdocs\portfolio\system\CodeIgniter.php(824): App\Controllers\Home->index()
#9 C:\xampp\htdocs\portfolio\system\CodeIgniter.php(410): CodeIgniter\CodeIgniter->runController(Object(App\Controllers\Home))
#10 C:\xampp\htdocs\portfolio\system\CodeIgniter.php(318): CodeIgniter\CodeIgniter->handleRequest(NULL, Object(Config\Cache), false)
#11 C:\xampp\htdocs\portfolio\public\index.php(37): CodeIgniter\CodeIgniter->run()
#12 C:\xampp\htdocs\portfolio\system\Commands\Server\rewrite.php(43): require_once('C:\\xampp\\htdocs...')
#13 {main}
